<?xml version="1.0" encoding="UTF-8"?>
<!-- Generated by org.testng.reporters.JUnitReportReporter -->
<testsuite hostname="DESKTOP-VF6R5DT" failures="0" tests="21" name="AutomationSimiFinalProject.AutomationSimiFinalProject.AppTest" time="6.785" errors="0" timestamp="2025-04-29T21:06:54 EET" skipped="20">
  <testcase classname="AutomationSimiFinalProject.AutomationSimiFinalProject.AppTest" name="IframeTest" time="6.785"/>
  <testcase classname="AutomationSimiFinalProject.AutomationSimiFinalProject.AppTest" name="OpenNewWindow">
    <skipped/>
  </testcase> <!-- OpenNewWindow -->
  <testcase classname="AutomationSimiFinalProject.AutomationSimiFinalProject.AppTest" name="AutoCompleteTest">
    <skipped/>
  </testcase> <!-- AutoCompleteTest -->
  <testcase classname="AutomationSimiFinalProject.AutomationSimiFinalProject.AppTest" name="PrintPriceFromTable">
    <skipped/>
  </testcase> <!-- PrintPriceFromTable -->
  <testcase classname="AutomationSimiFinalProject.AutomationSimiFinalProject.AppTest" name="EnableDisableTest">
    <skipped/>
  </testcase> <!-- EnableDisableTest -->
  <testcase classname="AutomationSimiFinalProject.AutomationSimiFinalProject.AppTest" name="printTableData">
    <skipped/>
  </testcase> <!-- printTableData -->
  <testcase classname="AutomationSimiFinalProject.AutomationSimiFinalProject.AppTest" name="BokingCalenderNewTapTest">
    <skipped/>
  </testcase> <!-- BokingCalenderNewTapTest -->
  <testcase classname="AutomationSimiFinalProject.AutomationSimiFinalProject.AppTest" name="DynamicDropDown">
    <skipped/>
  </testcase> <!-- DynamicDropDown -->
  <testcase classname="AutomationSimiFinalProject.AutomationSimiFinalProject.AppTest" name="ElementDisplayedTest">
    <skipped/>
  </testcase> <!-- ElementDisplayedTest -->
  <testcase classname="AutomationSimiFinalProject.AutomationSimiFinalProject.AppTest" name="MouseHovering">
    <skipped/>
  </testcase> <!-- MouseHovering -->
  <testcase classname="AutomationSimiFinalProject.AutomationSimiFinalProject.AppTest" name="SelectSecondButtonOfCheckbox">
    <skipped/>
  </testcase> <!-- SelectSecondButtonOfCheckbox -->
  <testcase classname="AutomationSimiFinalProject.AutomationSimiFinalProject.AppTest" name="OpenNewTab">
    <skipped/>
  </testcase> <!-- OpenNewTab -->
  <testcase classname="AutomationSimiFinalProject.AutomationSimiFinalProject.AppTest" name="ConfirmTest">
    <skipped/>
  </testcase> <!-- ConfirmTest -->
  <testcase classname="AutomationSimiFinalProject.AutomationSimiFinalProject.AppTest" name="PrintTableData">
    <skipped/>
  </testcase> <!-- PrintTableData -->
  <testcase classname="AutomationSimiFinalProject.AutomationSimiFinalProject.AppTest" name="StaticDropDown">
    <skipped/>
  </testcase> <!-- StaticDropDown -->
  <testcase classname="AutomationSimiFinalProject.AutomationSimiFinalProject.AppTest" name="CheckboxTest">
    <skipped/>
  </testcase> <!-- CheckboxTest -->
  <testcase classname="AutomationSimiFinalProject.AutomationSimiFinalProject.AppTest" name="AlertTest">
    <skipped/>
  </testcase> <!-- AlertTest -->
  <testcase classname="AutomationSimiFinalProject.AutomationSimiFinalProject.AppTest" name="RadioButton">
    <skipped/>
  </testcase> <!-- RadioButton -->
  <testcase classname="AutomationSimiFinalProject.AutomationSimiFinalProject.AppTest" name="StaticList">
    <skipped/>
  </testcase> <!-- StaticList -->
  <testcase classname="AutomationSimiFinalProject.AutomationSimiFinalProject.AppTest" name="CheckboxTest1">
    <skipped/>
  </testcase> <!-- CheckboxTest1 -->
  <testcase classname="AutomationSimiFinalProject.AutomationSimiFinalProject.AppTest" name="PrintDynamicDropDown">
    <skipped/>
  </testcase> <!-- PrintDynamicDropDown -->
</testsuite> <!-- AutomationSimiFinalProject.AutomationSimiFinalProject.AppTest -->
